[INFO] Ref: /tmp/lcpan/human_v38.fa
[INFO] VCF: /tmp/lcpan/hprc-v1.0-pggb.grch38.1-22+X.vcf
[INFO] Output: human_v38.pggb.lcpan.gfa
[INFO] GFA: GFA, NonOv/Ov: NonOv, LCP level: 5, thd: 1
[INFO] Processing reference...
[INFO] Processing variations...
	Command being timed: "/home/akmuhammet/programs/lcpan/bin/lcpan -vg -r /tmp/lcpan/human_v38.fa -v /tmp/lcpan/hprc-v1.0-pggb.grch38.1-22+X.vcf -p human_v38.pggb.lcpan --gfa --verbose"
	User time (seconds): 366.90
	System time (seconds): 74.23
	Percent of CPU this job got: 107%
	Elapsed (wall clock) time (h:mm:ss or m:ss): 6:49.71
	Average shared text size (kbytes): 0
	Average unshared data size (kbytes): 0
	Average stack size (kbytes): 0
	Average total size (kbytes): 0
	Maximum resident set size (kbytes): 7319800
	Average resident set size (kbytes): 0
	Major (requiring I/O) page faults: 4
	Minor (reclaiming a frame) page faults: 35768344
	Voluntary context switches: 3440053
	Involuntary context switches: 1167
	Swaps: 0
	File system inputs: 39515872
	File system outputs: 39739056
	Socket messages sent: 0
	Socket messages received: 0
	Signals delivered: 0
	Page size (bytes): 4096
	Exit status: 0
	Command being timed: "bash /home/akmuhammet/programs/lcpan/lcpan-merge.sh human_v38.pggb.lcpan.log"
	User time (seconds): 0.04
	System time (seconds): 12.91
	Percent of CPU this job got: 99%
	Elapsed (wall clock) time (h:mm:ss or m:ss): 0:13.02
	Average shared text size (kbytes): 0
	Average unshared data size (kbytes): 0
	Average stack size (kbytes): 0
	Average total size (kbytes): 0
	Maximum resident set size (kbytes): 3816
	Average resident set size (kbytes): 0
	Major (requiring I/O) page faults: 2
	Minor (reclaiming a frame) page faults: 2635
	Voluntary context switches: 72
	Involuntary context switches: 163
	Swaps: 0
	File system inputs: 104
	File system outputs: 39739024
	Socket messages sent: 0
	Socket messages received: 0
	Signals delivered: 0
	Page size (bytes): 4096
	Exit status: 0
Segment count: 196921188
Rank 0 segment count: 70805284
Rank 0< segment count: 126115904
Segment avg length: 54.320930
Segment std length: 31.996910
Segment min. length 1
Segment max. length 44399
Link count: 212114654
Link overlapping avg length: 0.000000
Link overlapping std length: 0.000000
Minimum in degree: 1
Maximum in degree: 327
Minimum out degree: 1
Maximum out degree: 327
