warning:[vg::Constructor] Unsupported IUPAC ambiguity codes found in chr1; coercing to N.
warning:[vg::Constructor] Unsupported IUPAC ambiguity codes found in chr2; coercing to N.
warning:[vg::Constructor] Unsupported IUPAC ambiguity codes found in chr3; coercing to N.
warning:[vg::Constructor] Unsupported IUPAC ambiguity codes found in chr6; coercing to N.
warning:[vg::Constructor] Unsupported IUPAC ambiguity codes found in chr7; coercing to N.
warning:[vg::Constructor] Unsupported IUPAC ambiguity codes found in chr9; coercing to N.
warning:[vg::Constructor] Unsupported IUPAC ambiguity codes found in chr10; coercing to N.
warning:[vg::Constructor] Unsupported IUPAC ambiguity codes found in chr12; coercing to N.
warning:[vg::Constructor] Unsupported IUPAC ambiguity codes found in chr13; coercing to N.
warning:[vg::Constructor] Unsupported IUPAC ambiguity codes found in chr16; coercing to N.
warning:[vg::Constructor] Unsupported IUPAC ambiguity codes found in chr17; coercing to N.
warning:[vg::Constructor] Unsupported IUPAC ambiguity codes found in chr21; coercing to N.
warning:[vg::Constructor] Unsupported IUPAC ambiguity codes found in chr22; coercing to N.
warning:[vg::Constructor] Unsupported IUPAC ambiguity codes found in chrX; coercing to N.
	Command being timed: "vg construct -r /home/akmuhammet/data/reference/human_v38.fa -v /home/akmuhammet/data/hprc/hprc-v1.0-pggb.grch38.1-22+X.vcf -m 64 -N -S"
	User time (seconds): 1930.48
	System time (seconds): 249.25
	Percent of CPU this job got: 99%
	Elapsed (wall clock) time (h:mm:ss or m:ss): 36:24.57
	Average shared text size (kbytes): 0
	Average unshared data size (kbytes): 0
	Average stack size (kbytes): 0
	Average total size (kbytes): 0
	Maximum resident set size (kbytes): 93864792
	Average resident set size (kbytes): 0
	Major (requiring I/O) page faults: 0
	Minor (reclaiming a frame) page faults: 147664627
	Voluntary context switches: 100
	Involuntary context switches: 7687
	Swaps: 0
	File system inputs: 0
	File system outputs: 74520472
	Socket messages sent: 0
	Socket messages received: 0
	Signals delivered: 0
	Page size (bytes): 4096
	Exit status: 0
	Command being timed: "vg convert -f human_v38.pggb.vg"
	User time (seconds): 560.90
	System time (seconds): 57.58
	Percent of CPU this job got: 99%
	Elapsed (wall clock) time (h:mm:ss or m:ss): 10:22.27
	Average shared text size (kbytes): 0
	Average unshared data size (kbytes): 0
	Average stack size (kbytes): 0
	Average total size (kbytes): 0
	Maximum resident set size (kbytes): 81146544
	Average resident set size (kbytes): 0
	Major (requiring I/O) page faults: 0
	Minor (reclaiming a frame) page faults: 20282831
	Voluntary context switches: 45
	Involuntary context switches: 2134
	Swaps: 0
	File system inputs: 0
	File system outputs: 70911728
	Socket messages sent: 0
	Socket messages received: 0
	Signals delivered: 0
	Page size (bytes): 4096
	Exit status: 0
Segment count: 364806843
Rank 0 segment count: 84694329
Rank 0< segment count: 280112514
Segment avg length: 53.108495
Segment std length: 22.838452
Segment min. length 1
Segment max. length 64
Link count: 401794405
Link overlapping avg length: 0.000000
Link overlapping std length: 0.000000
Minimum in degree: 1
Maximum in degree: 327
Minimum out degree: 1
Maximum out degree: 327
