[INFO] Processed FA
[INFO] Processed GFA
[INFO] Stats:
[INFO] # of reads: 5764123
[INFO] # of reads aligned in forward strands: 3511386
[INFO] # of reads aligned in reverse strands: 3474756
[INFO] # of reads aligned provided in invalid format: 0
[INFO] # of alignments that only mapped to segments with rank 0: 703575
[INFO] # of alignments that only mapped to segments with rank 1: 1013703
[INFO] # of alignments that mapped to segments with ranks 0 and 1: 5268864
[INFO] # of alignments that mapped to segments with ranks 1<: 0
[INFO] Stats: read/segment/strand/rank/qual/other: 0/0/0/0/5556796/0
[INFO] Processed GAF.
	Command being timed: "/home/akmuhammet/programs/akhal/akhal gaf2sam human_v38.pggb.vg.gfa hg002.hifi.vg.gaf /home/akmuhammet/data/hg002/hg002v1.0.1_hifi_revio_pbmay24.fa hg002.hifi.vg.sam --simple"
	User time (seconds): 2394.51
	System time (seconds): 546.70
	Percent of CPU this job got: 73%
	Elapsed (wall clock) time (h:mm:ss or m:ss): 1:06:14
	Average shared text size (kbytes): 0
	Average unshared data size (kbytes): 0
	Average stack size (kbytes): 0
	Average total size (kbytes): 0
	Maximum resident set size (kbytes): 142206392
	Average resident set size (kbytes): 0
	Major (requiring I/O) page faults: 27743
	Minor (reclaiming a frame) page faults: 152074454
	Voluntary context switches: 2819838
	Involuntary context switches: 13818
	Swaps: 0
	File system inputs: 236394360
	File system outputs: 192586240
	Socket messages sent: 0
	Socket messages received: 0
	Signals delivered: 0
	Page size (bytes): 4096
	Exit status: 0
[INFO] correct: 5972439, incorrect: 0
	Command being timed: "/home/akmuhammet/programs/akhal/akhal sampoke human_v38.fa hg002.hifi.vg.sam hg002.hifi.vg.qual.sam"
	User time (seconds): 603.14
	System time (seconds): 227.16
	Percent of CPU this job got: 45%
	Elapsed (wall clock) time (h:mm:ss or m:ss): 30:44.43
	Average shared text size (kbytes): 0
	Average unshared data size (kbytes): 0
	Average stack size (kbytes): 0
	Average total size (kbytes): 0
	Maximum resident set size (kbytes): 3021808
	Average resident set size (kbytes): 0
	Major (requiring I/O) page faults: 1
	Minor (reclaiming a frame) page faults: 755107
	Voluntary context switches: 1596745
	Involuntary context switches: 6940
	Swaps: 0
	File system inputs: 194336616
	File system outputs: 192586240
	Socket messages sent: 0
	Socket messages received: 0
	Signals delivered: 0
	Page size (bytes): 4096
	Exit status: 0
