[INFO] Ref: /tmp/lcpan/human_v38.fa
[INFO] VCF: /tmp/lcpan/hprc-v1.0-pggb.grch38.1-22+X.vcf
[INFO] Output: hg38.pggb.lcpan.t4.r3.gfa
[INFO] GFA: GFA, NonOv/Ov: NonOv, LCP level: 5, thd: 4
[INFO] Processing reference...
[INFO] Reference processing completed in 65.00 sec.
[INFO] Processing variations...
[INFO] VCF processing completed in 72.00 sec.
	Command being timed: "/home/akmuhammet/programs/lcpan/bin/lcpan -vg -r /tmp/lcpan/human_v38.fa -v /tmp/lcpan/hprc-v1.0-pggb.grch38.1-22+X.vcf -p hg38.pggb.lcpan.t4.r3 -t 4 --gfa --verbose"
	User time (seconds): 287.07
	System time (seconds): 47.78
	Percent of CPU this job got: 234%
	Elapsed (wall clock) time (h:mm:ss or m:ss): 2:22.72
	Average shared text size (kbytes): 0
	Average unshared data size (kbytes): 0
	Average stack size (kbytes): 0
	Average total size (kbytes): 0
	Maximum resident set size (kbytes): 7556060
	Average resident set size (kbytes): 0
	Major (requiring I/O) page faults: 0
	Minor (reclaiming a frame) page faults: 20943891
	Voluntary context switches: 2664037
	Involuntary context switches: 771
	Swaps: 0
	File system inputs: 0
	File system outputs: 40152736
	Socket messages sent: 0
	Socket messages received: 0
	Signals delivered: 0
	Page size (bytes): 4096
	Exit status: 0
	Command being timed: "bash /home/akmuhammet/programs/lcpan/lcpan-merge.sh hg38.pggb.lcpan.t4.r3.log"
	User time (seconds): 0.02
	System time (seconds): 13.19
	Percent of CPU this job got: 99%
	Elapsed (wall clock) time (h:mm:ss or m:ss): 0:13.22
	Average shared text size (kbytes): 0
	Average unshared data size (kbytes): 0
	Average stack size (kbytes): 0
	Average total size (kbytes): 0
	Maximum resident set size (kbytes): 3720
	Average resident set size (kbytes): 0
	Major (requiring I/O) page faults: 0
	Minor (reclaiming a frame) page faults: 4450
	Voluntary context switches: 72
	Involuntary context switches: 53
	Swaps: 0
	File system inputs: 0
	File system outputs: 40152680
	Socket messages sent: 0
	Socket messages received: 0
	Signals delivered: 0
	Page size (bytes): 4096
	Exit status: 0
