[INFO] Ref: /tmp/lcpan/human_v38.fa
[INFO] VCF: /tmp/lcpan/hprc-v1.0-pggb.grch38.1-22+X.vcf
[INFO] Output: hg38.pggb.lcpan.t4.r3.gfa
[INFO] GFA: GFA, NonOv/Ov: NonOv, LCP level: 5, thd: 4
[INFO] Processing reference...
[INFO] Reference processing completed in 73.00 sec.
[INFO] Processing variations...
[INFO] VCF processing completed in 77.00 sec.
	Command being timed: "/home/akmuhammet/programs/lcpan/bin/lcpan -vg -r /tmp/lcpan/human_v38.fa -v /tmp/lcpan/hprc-v1.0-pggb.grch38.1-22+X.vcf -p hg38.pggb.lcpan.t4.r3 -t 4 --gfa --verbose"
	User time (seconds): 295.17
	System time (seconds): 63.75
	Percent of CPU this job got: 231%
	Elapsed (wall clock) time (h:mm:ss or m:ss): 2:35.35
	Average shared text size (kbytes): 0
	Average unshared data size (kbytes): 0
	Average stack size (kbytes): 0
	Average total size (kbytes): 0
	Maximum resident set size (kbytes): 7880424
	Average resident set size (kbytes): 0
	Major (requiring I/O) page faults: 0
	Minor (reclaiming a frame) page faults: 34805696
	Voluntary context switches: 2558744
	Involuntary context switches: 794
	Swaps: 0
	File system inputs: 0
	File system outputs: 40158192
	Socket messages sent: 0
	Socket messages received: 0
	Signals delivered: 0
	Page size (bytes): 4096
	Exit status: 0
	Command being timed: "bash /home/akmuhammet/programs/lcpan/lcpan-merge.sh hg38.pggb.lcpan.t4.r3.log"
	User time (seconds): 0.02
	System time (seconds): 13.20
	Percent of CPU this job got: 99%
	Elapsed (wall clock) time (h:mm:ss or m:ss): 0:13.24
	Average shared text size (kbytes): 0
	Average unshared data size (kbytes): 0
	Average stack size (kbytes): 0
	Average total size (kbytes): 0
	Maximum resident set size (kbytes): 3820
	Average resident set size (kbytes): 0
	Major (requiring I/O) page faults: 0
	Minor (reclaiming a frame) page faults: 4491
	Voluntary context switches: 70
	Involuntary context switches: 45
	Swaps: 0
	File system inputs: 0
	File system outputs: 40158144
	Socket messages sent: 0
	Socket messages received: 0
	Signals delivered: 0
	Page size (bytes): 4096
	Exit status: 0
[INFO] Parsed GFA successfully
	Command being timed: "/home/akmuhammet/programs/akhal/akhal parse hg38.pggb.lcpan.t4.r3.gfa"
	User time (seconds): 251.57
	System time (seconds): 17.63
	Percent of CPU this job got: 99%
	Elapsed (wall clock) time (h:mm:ss or m:ss): 4:29.23
	Average shared text size (kbytes): 0
	Average unshared data size (kbytes): 0
	Average stack size (kbytes): 0
	Average total size (kbytes): 0
	Maximum resident set size (kbytes): 28038528
	Average resident set size (kbytes): 0
	Major (requiring I/O) page faults: 0
	Minor (reclaiming a frame) page faults: 7033748
	Voluntary context switches: 3
	Involuntary context switches: 663
	Swaps: 0
	File system inputs: 0
	File system outputs: 8
	Socket messages sent: 0
	Socket messages received: 0
	Signals delivered: 0
	Page size (bytes): 4096
	Exit status: 0
