[INFO] Ref: /tmp/lcpan/human_v38.fa
[INFO] VCF: /tmp/lcpan/hprc-v1.0-pggb.grch38.1-22+X.vcf
[INFO] Output: hg38.pggb.lcpan.l6.rgfa
[INFO] GFA: rGFA, NonOv/Ov: NonOv, LCP level: 6, thd: 1
[INFO] Processing reference...
[INFO] Reference processing completed in 85.00 sec.
[INFO] Processing variations...
[INFO] VCF processing completed in 219.00 sec.
	Command being timed: "/home/akmuhammet/programs/lcpan/bin/lcpan -vg -r /tmp/lcpan/human_v38.fa -v /tmp/lcpan/hprc-v1.0-pggb.grch38.1-22+X.vcf -p hg38.pggb.lcpan.l6 -l 6 --verbose"
	User time (seconds): 273.87
	System time (seconds): 59.79
	Percent of CPU this job got: 108%
	Elapsed (wall clock) time (h:mm:ss or m:ss): 5:07.75
	Average shared text size (kbytes): 0
	Average unshared data size (kbytes): 0
	Average stack size (kbytes): 0
	Average total size (kbytes): 0
	Maximum resident set size (kbytes): 6560860
	Average resident set size (kbytes): 0
	Major (requiring I/O) page faults: 0
	Minor (reclaiming a frame) page faults: 35035258
	Voluntary context switches: 414780
	Involuntary context switches: 998
	Swaps: 0
	File system inputs: 0
	File system outputs: 40059360
	Socket messages sent: 0
	Socket messages received: 0
	Signals delivered: 0
	Page size (bytes): 4096
	Exit status: 0
	Command being timed: "bash /home/akmuhammet/programs/lcpan/lcpan-merge.sh hg38.pggb.lcpan.l6.log"
	User time (seconds): 0.04
	System time (seconds): 13.28
	Percent of CPU this job got: 99%
	Elapsed (wall clock) time (h:mm:ss or m:ss): 0:13.34
	Average shared text size (kbytes): 0
	Average unshared data size (kbytes): 0
	Average stack size (kbytes): 0
	Average total size (kbytes): 0
	Maximum resident set size (kbytes): 3868
	Average resident set size (kbytes): 0
	Major (requiring I/O) page faults: 0
	Minor (reclaiming a frame) page faults: 2668
	Voluntary context switches: 52
	Involuntary context switches: 187
	Swaps: 0
	File system inputs: 0
	File system outputs: 40059328
	Socket messages sent: 0
	Socket messages received: 0
	Signals delivered: 0
	Page size (bytes): 4096
	Exit status: 0
[INFO] Parsed rGFA successfully
	Command being timed: "/home/akmuhammet/programs/akhal/akhal parse hg38.pggb.lcpan.l6.rgfa"
	User time (seconds): 179.81
	System time (seconds): 14.81
	Percent of CPU this job got: 99%
	Elapsed (wall clock) time (h:mm:ss or m:ss): 3:14.63
	Average shared text size (kbytes): 0
	Average unshared data size (kbytes): 0
	Average stack size (kbytes): 0
	Average total size (kbytes): 0
	Maximum resident set size (kbytes): 21584916
	Average resident set size (kbytes): 0
	Major (requiring I/O) page faults: 0
	Minor (reclaiming a frame) page faults: 5420361
	Voluntary context switches: 2
	Involuntary context switches: 151
	Swaps: 0
	File system inputs: 0
	File system outputs: 8
	Socket messages sent: 0
	Socket messages received: 0
	Signals delivered: 0
	Page size (bytes): 4096
	Exit status: 0
Segment count: 106363844
Rank 0 segment count: 44400254
Rank 0< segment count: 61963590
Segment avg length: 100.569169
Segment std length: 80.568251
Segment min. length 1
Segment max. length 44457
Link count: 121557310
Link overlapping avg length: 0.000000
Link overlapping std length: 0.000000
Minimum in degree: 1
Maximum in degree: 327
Minimum out degree: 1
Maximum out degree: 327
