[INFO] Ref: /tmp/lcpan/human_v38.fa
[INFO] VCF: /tmp/lcpan/hprc-v1.0-pggb.grch38.1-22+X.vcf
[INFO] Output: hg38.pggb.lcpan.l5.gfa
[INFO] GFA: GFA, NonOv/Ov: NonOv, LCP level: 5, thd: 1
[INFO] Processing reference...
[INFO] Reference processing completed in 82.00 sec.
[INFO] Processing variations...
[INFO] VCF processing completed in 240.00 sec.
	Command being timed: "/home/akmuhammet/programs/lcpan/bin/lcpan -vg -r /tmp/lcpan/human_v38.fa -v /tmp/lcpan/hprc-v1.0-pggb.grch38.1-22+X.vcf -p hg38.pggb.lcpan.l5 -l 5 --verbose --gfa"
	User time (seconds): 292.93
	System time (seconds): 63.12
	Percent of CPU this job got: 108%
	Elapsed (wall clock) time (h:mm:ss or m:ss): 5:28.24
	Average shared text size (kbytes): 0
	Average unshared data size (kbytes): 0
	Average stack size (kbytes): 0
	Average total size (kbytes): 0
	Maximum resident set size (kbytes): 7336044
	Average resident set size (kbytes): 0
	Major (requiring I/O) page faults: 0
	Minor (reclaiming a frame) page faults: 35499413
	Voluntary context switches: 1656830
	Involuntary context switches: 1000
	Swaps: 0
	File system inputs: 0
	File system outputs: 39739024
	Socket messages sent: 0
	Socket messages received: 0
	Signals delivered: 0
	Page size (bytes): 4096
	Exit status: 0
	Command being timed: "bash /home/akmuhammet/programs/lcpan/lcpan-merge.sh hg38.pggb.lcpan.l5.log"
	User time (seconds): 0.03
	System time (seconds): 13.26
	Percent of CPU this job got: 99%
	Elapsed (wall clock) time (h:mm:ss or m:ss): 0:13.32
	Average shared text size (kbytes): 0
	Average unshared data size (kbytes): 0
	Average stack size (kbytes): 0
	Average total size (kbytes): 0
	Maximum resident set size (kbytes): 3792
	Average resident set size (kbytes): 0
	Major (requiring I/O) page faults: 0
	Minor (reclaiming a frame) page faults: 2626
	Voluntary context switches: 49
	Involuntary context switches: 186
	Swaps: 0
	File system inputs: 0
	File system outputs: 39739000
	Socket messages sent: 0
	Socket messages received: 0
	Signals delivered: 0
	Page size (bytes): 4096
	Exit status: 0
[ERROR] Failed to open file hg38.pggb.lcpan.l5.rgfa
Command exited with non-zero status 1
	Command being timed: "/home/akmuhammet/programs/akhal/akhal parse hg38.pggb.lcpan.l5.rgfa"
	User time (seconds): 0.00
	System time (seconds): 0.00
	Percent of CPU this job got: 75%
	Elapsed (wall clock) time (h:mm:ss or m:ss): 0:00.00
	Average shared text size (kbytes): 0
	Average unshared data size (kbytes): 0
	Average stack size (kbytes): 0
	Average total size (kbytes): 0
	Maximum resident set size (kbytes): 1796
	Average resident set size (kbytes): 0
	Major (requiring I/O) page faults: 0
	Minor (reclaiming a frame) page faults: 79
	Voluntary context switches: 2
	Involuntary context switches: 0
	Swaps: 0
	File system inputs: 0
	File system outputs: 8
	Socket messages sent: 0
	Socket messages received: 0
	Signals delivered: 0
	Page size (bytes): 4096
	Exit status: 1
Segment count: 196920897
Rank 0 segment count: 70805266
Rank 0< segment count: 126115631
Segment avg length: 54.321011
Segment std length: 32.002277
Segment min. length 1
Segment max. length 44399
Link count: 212114363
Link overlapping avg length: 0.000000
Link overlapping std length: 0.000000
Minimum in degree: 1
Maximum in degree: 327
Minimum out degree: 1
Maximum out degree: 327
