[INFO] Ref: /tmp/lcpan/human_v38.fa
[INFO] VCF: /tmp/lcpan/hprc-v1.0-pggb.grch38.1-22+X.vcf
[INFO] Output: hg38.pggb.lcpan.l4.gfa
[INFO] GFA: GFA, NonOv/Ov: NonOv, LCP level: 4, thd: 1
[INFO] Processing reference...
[INFO] Reference processing completed in 80.00 sec.
[INFO] Processing variations...
[INFO] VCF processing completed in 312.00 sec.
	Command being timed: "/home/akmuhammet/programs/lcpan/bin/lcpan -vg -r /tmp/lcpan/human_v38.fa -v /tmp/lcpan/hprc-v1.0-pggb.grch38.1-22+X.vcf -p hg38.pggb.lcpan.l4 -l 4 --verbose --gfa"
	User time (seconds): 363.14
	System time (seconds): 78.33
	Percent of CPU this job got: 110%
	Elapsed (wall clock) time (h:mm:ss or m:ss): 6:40.77
	Average shared text size (kbytes): 0
	Average unshared data size (kbytes): 0
	Average stack size (kbytes): 0
	Average total size (kbytes): 0
	Maximum resident set size (kbytes): 9077280
	Average resident set size (kbytes): 0
	Major (requiring I/O) page faults: 0
	Minor (reclaiming a frame) page faults: 36830437
	Voluntary context switches: 4343205
	Involuntary context switches: 1193
	Swaps: 0
	File system inputs: 0
	File system outputs: 58952504
	Socket messages sent: 0
	Socket messages received: 0
	Signals delivered: 0
	Page size (bytes): 4096
	Exit status: 0
	Command being timed: "bash /home/akmuhammet/programs/lcpan/lcpan-merge.sh hg38.pggb.lcpan.l4.log"
	User time (seconds): 0.06
	System time (seconds): 19.00
	Percent of CPU this job got: 99%
	Elapsed (wall clock) time (h:mm:ss or m:ss): 0:19.20
	Average shared text size (kbytes): 0
	Average unshared data size (kbytes): 0
	Average stack size (kbytes): 0
	Average total size (kbytes): 0
	Maximum resident set size (kbytes): 3860
	Average resident set size (kbytes): 0
	Major (requiring I/O) page faults: 0
	Minor (reclaiming a frame) page faults: 2671
	Voluntary context switches: 53
	Involuntary context switches: 236
	Swaps: 0
	File system inputs: 0
	File system outputs: 58952472
	Socket messages sent: 0
	Socket messages received: 0
	Signals delivered: 0
	Page size (bytes): 4096
	Exit status: 0
[ERROR] Failed to open file hg38.pggb.lcpan.l4.rgfa
Command exited with non-zero status 1
	Command being timed: "/home/akmuhammet/programs/akhal/akhal parse hg38.pggb.lcpan.l4.rgfa"
	User time (seconds): 0.00
	System time (seconds): 0.00
	Percent of CPU this job got: 100%
	Elapsed (wall clock) time (h:mm:ss or m:ss): 0:00.00
	Average shared text size (kbytes): 0
	Average unshared data size (kbytes): 0
	Average stack size (kbytes): 0
	Average total size (kbytes): 0
	Maximum resident set size (kbytes): 1880
	Average resident set size (kbytes): 0
	Major (requiring I/O) page faults: 0
	Minor (reclaiming a frame) page faults: 80
	Voluntary context switches: 3
	Involuntary context switches: 0
	Swaps: 0
	File system inputs: 0
	File system outputs: 8
	Socket messages sent: 0
	Socket messages received: 0
	Signals delivered: 0
	Page size (bytes): 4096
	Exit status: 1
Segment count: 408484289
Rank 0 segment count: 131987537
Rank 0< segment count: 276496752
Segment avg length: 26.186953
Segment std length: 11.809564
Segment min. length 1
Segment max. length 7291
Link count: 423677755
Link overlapping avg length: 0.000000
Link overlapping std length: 0.000000
Minimum in degree: 1
Maximum in degree: 327
Minimum out degree: 1
Maximum out degree: 327
