[INFO] Ref: ../hg38.fa
[INFO] VCF: ../pggb.vcf
[INFO] Output: hg38.pggb.lcpan.l5.rgfa
[INFO] GFA: rGFA, NonOv/Ov: NonOv, LCP level: 5, thd: 1
[INFO] Processing reference...
[INFO] Processing variations...
	Command being timed: "/home/akmuhammet/programs/lcpan/bin/lcpan -vg -r ../hg38.fa -v ../pggb.vcf -p hg38.pggb.lcpan.l5 -l 5 --verbose"
	User time (seconds): 389.72
	System time (seconds): 78.64
	Percent of CPU this job got: 108%
	Elapsed (wall clock) time (h:mm:ss or m:ss): 7:10.16
	Average shared text size (kbytes): 0
	Average unshared data size (kbytes): 0
	Average stack size (kbytes): 0
	Average total size (kbytes): 0
	Maximum resident set size (kbytes): 7320460
	Average resident set size (kbytes): 0
	Major (requiring I/O) page faults: 0
	Minor (reclaiming a frame) page faults: 35944615
	Voluntary context switches: 3645809
	Involuntary context switches: 1184
	Swaps: 0
	File system inputs: 0
	File system outputs: 55812776
	Socket messages sent: 0
	Socket messages received: 0
	Signals delivered: 0
	Page size (bytes): 4096
	Exit status: 0
	Command being timed: "bash /home/akmuhammet/programs/lcpan/lcpan-merge.sh hg38.pggb.lcpan.l5.log"
	User time (seconds): 0.04
	System time (seconds): 19.02
	Percent of CPU this job got: 97%
	Elapsed (wall clock) time (h:mm:ss or m:ss): 0:19.60
	Average shared text size (kbytes): 0
	Average unshared data size (kbytes): 0
	Average stack size (kbytes): 0
	Average total size (kbytes): 0
	Maximum resident set size (kbytes): 3792
	Average resident set size (kbytes): 0
	Major (requiring I/O) page faults: 0
	Minor (reclaiming a frame) page faults: 2674
	Voluntary context switches: 52
	Involuntary context switches: 323
	Swaps: 0
	File system inputs: 0
	File system outputs: 55812744
	Socket messages sent: 0
	Socket messages received: 0
	Signals delivered: 0
	Page size (bytes): 4096
	Exit status: 0
[INFO] Parsed rGFA successfully
	Command being timed: "/home/akmuhammet/programs/akhal/akhal parse hg38.pggb.lcpan.l5.rgfa"
	User time (seconds): 326.19
	System time (seconds): 37.29
	Percent of CPU this job got: 99%
	Elapsed (wall clock) time (h:mm:ss or m:ss): 6:03.49
	Average shared text size (kbytes): 0
	Average unshared data size (kbytes): 0
	Average stack size (kbytes): 0
	Average total size (kbytes): 0
	Maximum resident set size (kbytes): 28036680
	Average resident set size (kbytes): 0
	Major (requiring I/O) page faults: 0
	Minor (reclaiming a frame) page faults: 12351916
	Voluntary context switches: 2
	Involuntary context switches: 425
	Swaps: 0
	File system inputs: 0
	File system outputs: 8
	Socket messages sent: 0
	Socket messages received: 0
	Signals delivered: 0
	Page size (bytes): 4096
	Exit status: 0
Segment count: 196921188
Rank 0 segment count: 70805284
Rank 0< segment count: 126115904
Segment avg length: 54.320930
Segment std length: 31.996910
Segment min. length 1
Segment max. length 44399
Link count: 212114654
Link overlapping avg length: 0.000000
Link overlapping std length: 0.000000
Minimum in degree: 1
Maximum in degree: 327
Minimum out degree: 1
Maximum out degree: 327
