[INFO] Ref: ../hg38.fa
[INFO] VCF: ../pggb.vcf
[INFO] Output: hg38.pggb.lcpan.l6.rgfa
[INFO] GFA: rGFA, NonOv/Ov: NonOv, LCP level: 6, thd: 1
[INFO] Processing reference...
[INFO] Processing variations...
	Command being timed: "/home/akmuhammet/programs/lcpan/bin/lcpan -vg -r ../hg38.fa -v ../pggb.vcf -p hg38.pggb.lcpan.l6 -l 6 --verbose"
	User time (seconds): 352.46
	System time (seconds): 69.06
	Percent of CPU this job got: 107%
	Elapsed (wall clock) time (h:mm:ss or m:ss): 6:32.80
	Average shared text size (kbytes): 0
	Average unshared data size (kbytes): 0
	Average stack size (kbytes): 0
	Average total size (kbytes): 0
	Maximum resident set size (kbytes): 6582852
	Average resident set size (kbytes): 0
	Major (requiring I/O) page faults: 0
	Minor (reclaiming a frame) page faults: 35064518
	Voluntary context switches: 2356525
	Involuntary context switches: 1151
	Swaps: 0
	File system inputs: 0
	File system outputs: 40059400
	Socket messages sent: 0
	Socket messages received: 0
	Signals delivered: 0
	Page size (bytes): 4096
	Exit status: 0
	Command being timed: "bash /home/akmuhammet/programs/lcpan/lcpan-merge.sh hg38.pggb.lcpan.l6.log"
	User time (seconds): 0.02
	System time (seconds): 13.53
	Percent of CPU this job got: 99%
	Elapsed (wall clock) time (h:mm:ss or m:ss): 0:13.58
	Average shared text size (kbytes): 0
	Average unshared data size (kbytes): 0
	Average stack size (kbytes): 0
	Average total size (kbytes): 0
	Maximum resident set size (kbytes): 3792
	Average resident set size (kbytes): 0
	Major (requiring I/O) page faults: 0
	Minor (reclaiming a frame) page faults: 2652
	Voluntary context switches: 49
	Involuntary context switches: 179
	Swaps: 0
	File system inputs: 0
	File system outputs: 40059360
	Socket messages sent: 0
	Socket messages received: 0
	Signals delivered: 0
	Page size (bytes): 4096
	Exit status: 0
[INFO] Parsed rGFA successfully
	Command being timed: "/home/akmuhammet/programs/akhal/akhal parse hg38.pggb.lcpan.l6.rgfa"
	User time (seconds): 190.82
	System time (seconds): 29.56
	Percent of CPU this job got: 99%
	Elapsed (wall clock) time (h:mm:ss or m:ss): 3:40.40
	Average shared text size (kbytes): 0
	Average unshared data size (kbytes): 0
	Average stack size (kbytes): 0
	Average total size (kbytes): 0
	Maximum resident set size (kbytes): 21585120
	Average resident set size (kbytes): 0
	Major (requiring I/O) page faults: 0
	Minor (reclaiming a frame) page faults: 10609096
	Voluntary context switches: 2
	Involuntary context switches: 270
	Swaps: 0
	File system inputs: 0
	File system outputs: 8
	Socket messages sent: 0
	Socket messages received: 0
	Signals delivered: 0
	Page size (bytes): 4096
	Exit status: 0
Segment count: 106364013
Rank 0 segment count: 44400249
Rank 0< segment count: 61963764
Segment avg length: 100.569009
Segment std length: 80.562755
Segment min. length 1
Segment max. length 44457
Link count: 121557479
Link overlapping avg length: 0.000000
Link overlapping std length: 0.000000
Minimum in degree: 1
Maximum in degree: 327
Minimum out degree: 1
Maximum out degree: 327
