[INFO] Ref: /tmp/lcpan/human_v38.fa
[INFO] VCF: /tmp/lcpan/hprc-v1.0-pggb.grch38.1-22+X.vcf
[INFO] Output: hg38.pggb.lcpan.t1.r2.gfa
[INFO] GFA: GFA, NonOv/Ov: NonOv, LCP level: 5, thd: 1
[INFO] Processing reference...
[INFO] Reference processing completed in 70.00 sec.
[INFO] Processing variations...
[INFO] VCF processing completed in 230.00 sec.
	Command being timed: "/home/akmuhammet/programs/lcpan/bin/lcpan -vg -r /tmp/lcpan/human_v38.fa -v /tmp/lcpan/hprc-v1.0-pggb.grch38.1-22+X.vcf -p hg38.pggb.lcpan.t1.r2 -t 1 --gfa --full-parallel --verbose"
	User time (seconds): 288.50
	System time (seconds): 49.10
	Percent of CPU this job got: 110%
	Elapsed (wall clock) time (h:mm:ss or m:ss): 5:05.70
	Average shared text size (kbytes): 0
	Average unshared data size (kbytes): 0
	Average stack size (kbytes): 0
	Average total size (kbytes): 0
	Maximum resident set size (kbytes): 6979080
	Average resident set size (kbytes): 0
	Major (requiring I/O) page faults: 0
	Minor (reclaiming a frame) page faults: 22805011
	Voluntary context switches: 1667108
	Involuntary context switches: 889
	Swaps: 0
	File system inputs: 0
	File system outputs: 39526648
	Socket messages sent: 0
	Socket messages received: 0
	Signals delivered: 0
	Page size (bytes): 4096
	Exit status: 0
	Command being timed: "bash /home/akmuhammet/programs/lcpan/lcpan-merge.sh hg38.pggb.lcpan.t1.r2.log"
	User time (seconds): 0.02
	System time (seconds): 12.93
	Percent of CPU this job got: 34%
	Elapsed (wall clock) time (h:mm:ss or m:ss): 0:37.30
	Average shared text size (kbytes): 0
	Average unshared data size (kbytes): 0
	Average stack size (kbytes): 0
	Average total size (kbytes): 0
	Maximum resident set size (kbytes): 3624
	Average resident set size (kbytes): 0
	Major (requiring I/O) page faults: 0
	Minor (reclaiming a frame) page faults: 2627
	Voluntary context switches: 86
	Involuntary context switches: 170
	Swaps: 0
	File system inputs: 0
	File system outputs: 39526608
	Socket messages sent: 0
	Socket messages received: 0
	Signals delivered: 0
	Page size (bytes): 4096
	Exit status: 0
