[INFO] Processed FA
[INFO] Processed GFA
[INFO] Stats:
[INFO] # of reads: 820665
[INFO] # of reads aligned in forward strands: 765199
[INFO] # of reads aligned in reverse strands: 751230
[INFO] # of reads aligned provided in invalid format: 0
[INFO] # of alignments that only mapped to segments with rank 0: 302237
[INFO] # of alignments that only mapped to segments with rank 1: 440423
[INFO] # of alignments that mapped to segments with ranks 0 and 1: 773769
[INFO] # of alignments that mapped to segments with ranks 1<: 0
[INFO] Stats: read/segment/strand/rank/qual/other: 0/0/0/0/1220330/0
[INFO] Processed GAF.
	Command being timed: "/home/akmuhammet/programs/akhal/akhal gaf2sam hg38.chr1_10_22.pggb.lcpan.gfa hg002.chr1_10_22.hifi.lcpan.gaf ../reads/hg002v1.0.1_hifi_revio_pbmay24.chr1_10_22.subsampled.fa hg002.chr1_10_22.hifi.lcpan.sam --simple"
	User time (seconds): 467.47
	System time (seconds): 94.62
	Percent of CPU this job got: 86%
	Elapsed (wall clock) time (h:mm:ss or m:ss): 10:49.21
	Average shared text size (kbytes): 0
	Average unshared data size (kbytes): 0
	Average stack size (kbytes): 0
	Average total size (kbytes): 0
	Maximum resident set size (kbytes): 22383824
	Average resident set size (kbytes): 0
	Major (requiring I/O) page faults: 0
	Minor (reclaiming a frame) page faults: 12843453
	Voluntary context switches: 133121
	Involuntary context switches: 2548
	Swaps: 0
	File system inputs: 35577184
	File system outputs: 36552224
	Socket messages sent: 0
	Socket messages received: 0
	Signals delivered: 0
	Page size (bytes): 4096
	Exit status: 0
[INFO] correct: 1076006, incorrect: 0
	Command being timed: "/home/akmuhammet/programs/akhal/akhal sampoke hg38.chr1_10_22.fa hg002.chr1_10_22.hifi.lcpan.sam hg002.chr1_10_22.hifi.lcpan.qual.sam"
	User time (seconds): 147.51
	System time (seconds): 56.11
	Percent of CPU this job got: 58%
	Elapsed (wall clock) time (h:mm:ss or m:ss): 5:49.33
	Average shared text size (kbytes): 0
	Average unshared data size (kbytes): 0
	Average stack size (kbytes): 0
	Average total size (kbytes): 0
	Maximum resident set size (kbytes): 429488
	Average resident set size (kbytes): 0
	Major (requiring I/O) page faults: 1
	Minor (reclaiming a frame) page faults: 106984
	Voluntary context switches: 91808
	Involuntary context switches: 676
	Swaps: 0
	File system inputs: 37413152
	File system outputs: 36552224
	Socket messages sent: 0
	Socket messages received: 0
	Signals delivered: 0
	Page size (bytes): 4096
	Exit status: 0
