[INFO] Processed FA
[INFO] Processed GFA
[INFO] Stats:
[INFO] # of reads: 820665
[INFO] # of reads aligned in forward strands: 763152
[INFO] # of reads aligned in reverse strands: 751122
[INFO] # of reads aligned provided in invalid format: 0
[INFO] # of alignments that only mapped to segments with rank 0: 294529
[INFO] # of alignments that only mapped to segments with rank 1: 449951
[INFO] # of alignments that mapped to segments with ranks 0 and 1: 769794
[INFO] # of alignments that mapped to segments with ranks 1<: 0
[INFO] Stats: read/segment/strand/rank/qual/other: 0/0/0/0/1222604/0
[INFO] Processed GAF.
	Command being timed: "/home/akmuhammet/programs/akhal/akhal gaf2sam hg38.chr1_10_22.pggb.vg.gfa hg002.chr1_10_22.hifi.vg.gaf ../reads/hg002v1.0.1_hifi_revio_pbmay24.chr1_10_22.subsampled.fa hg002.chr1_10_22.hifi.vg.sam --simple"
	User time (seconds): 523.90
	System time (seconds): 93.71
	Percent of CPU this job got: 89%
	Elapsed (wall clock) time (h:mm:ss or m:ss): 11:31.06
	Average shared text size (kbytes): 0
	Average unshared data size (kbytes): 0
	Average stack size (kbytes): 0
	Average total size (kbytes): 0
	Maximum resident set size (kbytes): 22421336
	Average resident set size (kbytes): 0
	Major (requiring I/O) page faults: 0
	Minor (reclaiming a frame) page faults: 12296585
	Voluntary context switches: 114798
	Involuntary context switches: 2985
	Swaps: 0
	File system inputs: 31581480
	File system outputs: 36109880
	Socket messages sent: 0
	Socket messages received: 0
	Signals delivered: 0
	Page size (bytes): 4096
	Exit status: 0
[INFO] correct: 1064323, incorrect: 0
	Command being timed: "/home/akmuhammet/programs/akhal/akhal sampoke hg38.chr1_10_22.fa hg002.chr1_10_22.hifi.vg.sam hg002.chr1_10_22.hifi.vg.qual.sam"
	User time (seconds): 146.56
	System time (seconds): 53.64
	Percent of CPU this job got: 56%
	Elapsed (wall clock) time (h:mm:ss or m:ss): 5:52.19
	Average shared text size (kbytes): 0
	Average unshared data size (kbytes): 0
	Average stack size (kbytes): 0
	Average total size (kbytes): 0
	Maximum resident set size (kbytes): 429408
	Average resident set size (kbytes): 0
	Major (requiring I/O) page faults: 0
	Minor (reclaiming a frame) page faults: 106983
	Voluntary context switches: 91539
	Involuntary context switches: 651
	Swaps: 0
	File system inputs: 36109872
	File system outputs: 36109880
	Socket messages sent: 0
	Socket messages received: 0
	Signals delivered: 0
	Page size (bytes): 4096
	Exit status: 0
