[INFO] Processed FA
[INFO] Processed GFA
[INFO] Stats:
[INFO] # of reads: 281312
[INFO] # of reads aligned in forward strands: 3296938
[INFO] # of reads aligned in reverse strands: 3322482
[INFO] # of reads aligned provided in invalid format: 0
[INFO] # of alignments that only mapped to segments with rank 0: 2766605
[INFO] # of alignments that only mapped to segments with rank 1: 3350608
[INFO] # of alignments that mapped to segments with ranks 0 and 1: 502207
[INFO] # of alignments that mapped to segments with ranks 1<: 0
[INFO] Stats: read/segment/strand/rank/qual/other: 0/0/0/0/2958625/0
[INFO] Processed GAF.
	Command being timed: "/home/akmuhammet/programs/akhal/akhal gaf2sam hg38.chr1_10_22.pggb.vg.gfa hg002.chr1_10_22.ont.vg.gaf ../reads/hg002v1.0_ont_r10_ul_dorado.chr1_10_22.subsampled.fa hg002.chr1_10_22.ont.vg.sam --simple"
	User time (seconds): 2933.85
	System time (seconds): 523.92
	Percent of CPU this job got: 91%
	Elapsed (wall clock) time (h:mm:ss or m:ss): 1:02:47
	Average shared text size (kbytes): 0
	Average unshared data size (kbytes): 0
	Average stack size (kbytes): 0
	Average total size (kbytes): 0
	Maximum resident set size (kbytes): 22542896
	Average resident set size (kbytes): 0
	Major (requiring I/O) page faults: 1
	Minor (reclaiming a frame) page faults: 5777115
	Voluntary context switches: 341246
	Involuntary context switches: 15477
	Swaps: 0
	File system inputs: 54114888
	File system outputs: 611796720
	Socket messages sent: 0
	Socket messages received: 0
	Signals delivered: 0
	Page size (bytes): 4096
	Exit status: 0
[INFO] correct: 3268812, incorrect: 0
	Command being timed: "/home/akmuhammet/programs/akhal/akhal sampoke hg38.chr1_10_22.fa hg002.chr1_10_22.ont.vg.sam hg002.chr1_10_22.ont.vg.qual.sam"
	User time (seconds): 2389.22
	System time (seconds): 852.51
	Percent of CPU this job got: 50%
	Elapsed (wall clock) time (h:mm:ss or m:ss): 1:47:59
	Average shared text size (kbytes): 0
	Average unshared data size (kbytes): 0
	Average stack size (kbytes): 0
	Average total size (kbytes): 0
	Maximum resident set size (kbytes): 431588
	Average resident set size (kbytes): 0
	Major (requiring I/O) page faults: 1
	Minor (reclaiming a frame) page faults: 116228
	Voluntary context switches: 2828785
	Involuntary context switches: 11496
	Swaps: 0
	File system inputs: 612011960
	File system outputs: 611796720
	Socket messages sent: 0
	Socket messages received: 0
	Signals delivered: 0
	Page size (bytes): 4096
	Exit status: 0
