[INFO] Ref: /tmp/lcpan/human_v38.fa
[INFO] VCF: /tmp/lcpan/hprc-v1.0-pggb.grch38.1-22+X.vcf
[INFO] Output: hg38.pggb.lcpan.t8.r5.gfa
[INFO] GFA: GFA, NonOv/Ov: NonOv, LCP level: 5, thd: 8
[INFO] Processing reference...
[INFO] Reference processing completed in 63.00 sec.
[INFO] Processing variations...
[INFO] VCF processing completed in 62.00 sec.
	Command being timed: "/home/akmuhammet/programs/lcpan/bin/lcpan -vg -r /tmp/lcpan/human_v38.fa -v /tmp/lcpan/hprc-v1.0-pggb.grch38.1-22+X.vcf -p hg38.pggb.lcpan.t8.r5 -t 8 --gfa --verbose"
	User time (seconds): 340.01
	System time (seconds): 85.76
	Percent of CPU this job got: 322%
	Elapsed (wall clock) time (h:mm:ss or m:ss): 2:11.87
	Average shared text size (kbytes): 0
	Average unshared data size (kbytes): 0
	Average stack size (kbytes): 0
	Average total size (kbytes): 0
	Maximum resident set size (kbytes): 8102900
	Average resident set size (kbytes): 0
	Major (requiring I/O) page faults: 1
	Minor (reclaiming a frame) page faults: 22699754
	Voluntary context switches: 7141246
	Involuntary context switches: 1156
	Swaps: 0
	File system inputs: 0
	File system outputs: 40366760
	Socket messages sent: 0
	Socket messages received: 0
	Signals delivered: 0
	Page size (bytes): 4096
	Exit status: 0
	Command being timed: "bash /home/akmuhammet/programs/lcpan/lcpan-merge.sh hg38.pggb.lcpan.t8.r5.log"
	User time (seconds): 0.04
	System time (seconds): 15.00
	Percent of CPU this job got: 99%
	Elapsed (wall clock) time (h:mm:ss or m:ss): 0:15.07
	Average shared text size (kbytes): 0
	Average unshared data size (kbytes): 0
	Average stack size (kbytes): 0
	Average total size (kbytes): 0
	Maximum resident set size (kbytes): 3816
	Average resident set size (kbytes): 0
	Major (requiring I/O) page faults: 0
	Minor (reclaiming a frame) page faults: 6953
	Voluntary context switches: 103
	Involuntary context switches: 53
	Swaps: 0
	File system inputs: 0
	File system outputs: 40366688
	Socket messages sent: 0
	Socket messages received: 0
	Signals delivered: 0
	Page size (bytes): 4096
	Exit status: 0
