[INFO] Ref: ../hg38.fa
[INFO] VCF: ../pggb.vcf
[INFO] Output: hg38.pggb.lcpan.l4.gfa
[INFO] GFA: GFA, NonOv/Ov: NonOv, LCP level: 4, thd: 1
[INFO] Processing reference...
[INFO] Processing variations...
	Command being timed: "/home/akmuhammet/programs/lcpan/bin/lcpan -vg -r ../hg38.fa -v ../pggb.vcf -p hg38.pggb.lcpan.l4 -l 4 --verbose --gfa"
	User time (seconds): 415.35
	System time (seconds): 82.73
	Percent of CPU this job got: 109%
	Elapsed (wall clock) time (h:mm:ss or m:ss): 7:35.41
	Average shared text size (kbytes): 0
	Average unshared data size (kbytes): 0
	Average stack size (kbytes): 0
	Average total size (kbytes): 0
	Maximum resident set size (kbytes): 9048928
	Average resident set size (kbytes): 0
	Major (requiring I/O) page faults: 0
	Minor (reclaiming a frame) page faults: 37344318
	Voluntary context switches: 5016455
	Involuntary context switches: 1145
	Swaps: 0
	File system inputs: 0
	File system outputs: 58952488
	Socket messages sent: 0
	Socket messages received: 0
	Signals delivered: 0
	Page size (bytes): 4096
	Exit status: 0
	Command being timed: "bash /home/akmuhammet/programs/lcpan/lcpan-merge.sh hg38.pggb.lcpan.l4.log"
	User time (seconds): 0.04
	System time (seconds): 20.50
	Percent of CPU this job got: 99%
	Elapsed (wall clock) time (h:mm:ss or m:ss): 0:20.57
	Average shared text size (kbytes): 0
	Average unshared data size (kbytes): 0
	Average stack size (kbytes): 0
	Average total size (kbytes): 0
	Maximum resident set size (kbytes): 3772
	Average resident set size (kbytes): 0
	Major (requiring I/O) page faults: 1
	Minor (reclaiming a frame) page faults: 2671
	Voluntary context switches: 51
	Involuntary context switches: 315
	Swaps: 0
	File system inputs: 8
	File system outputs: 58952448
	Socket messages sent: 0
	Socket messages received: 0
	Signals delivered: 0
	Page size (bytes): 4096
	Exit status: 0
[INFO] Parsed GFA successfully
	Command being timed: "/home/akmuhammet/programs/akhal/akhal parse hg38.pggb.lcpan.l4.gfa"
	User time (seconds): 551.18
	System time (seconds): 57.92
	Percent of CPU this job got: 99%
	Elapsed (wall clock) time (h:mm:ss or m:ss): 10:09.28
	Average shared text size (kbytes): 0
	Average unshared data size (kbytes): 0
	Average stack size (kbytes): 0
	Average total size (kbytes): 0
	Maximum resident set size (kbytes): 52613664
	Average resident set size (kbytes): 0
	Major (requiring I/O) page faults: 0
	Minor (reclaiming a frame) page faults: 19794124
	Voluntary context switches: 3
	Involuntary context switches: 2828
	Swaps: 0
	File system inputs: 0
	File system outputs: 8
	Socket messages sent: 0
	Socket messages received: 0
	Signals delivered: 0
	Page size (bytes): 4096
	Exit status: 0
Segment count: 408484050
Rank 0 segment count: 131987531
Rank 0< segment count: 276496519
Segment avg length: 26.186969
Segment std length: 11.809726
Segment min. length 1
Segment max. length 7291
Link count: 423677516
Link overlapping avg length: 0.000000
Link overlapping std length: 0.000000
Minimum in degree: 1
Maximum in degree: 327
Minimum out degree: 1
Maximum out degree: 327
