[INFO] Ref: /tmp/lcpan/human_v38.fa
[INFO] VCF: /tmp/lcpan/hprc-v1.0-pggb.grch38.1-22+X.vcf
[INFO] Output: hg38.pggb.lcpan.t8.r1.gfa
[INFO] GFA: GFA, NonOv/Ov: NonOv, LCP level: 5, thd: 8
[INFO] Processing reference...
[INFO] Reference processing completed in 71.00 sec.
[INFO] Processing variations...
[INFO] VCF processing completed in 67.00 sec.
	Command being timed: "/home/akmuhammet/programs/lcpan/bin/lcpan -vg -r /tmp/lcpan/human_v38.fa -v /tmp/lcpan/hprc-v1.0-pggb.grch38.1-22+X.vcf -p hg38.pggb.lcpan.t8.r1 -t 8 --gfa --verbose"
	User time (seconds): 356.90
	System time (seconds): 102.88
	Percent of CPU this job got: 320%
	Elapsed (wall clock) time (h:mm:ss or m:ss): 2:23.61
	Average shared text size (kbytes): 0
	Average unshared data size (kbytes): 0
	Average stack size (kbytes): 0
	Average total size (kbytes): 0
	Maximum resident set size (kbytes): 8665748
	Average resident set size (kbytes): 0
	Major (requiring I/O) page faults: 3
	Minor (reclaiming a frame) page faults: 36132378
	Voluntary context switches: 7582901
	Involuntary context switches: 963
	Swaps: 0
	File system inputs: 0
	File system outputs: 40387208
	Socket messages sent: 0
	Socket messages received: 0
	Signals delivered: 0
	Page size (bytes): 4096
	Exit status: 0
	Command being timed: "bash /home/akmuhammet/programs/lcpan/lcpan-merge.sh hg38.pggb.lcpan.t8.r1.log"
	User time (seconds): 0.02
	System time (seconds): 14.24
	Percent of CPU this job got: 99%
	Elapsed (wall clock) time (h:mm:ss or m:ss): 0:14.29
	Average shared text size (kbytes): 0
	Average unshared data size (kbytes): 0
	Average stack size (kbytes): 0
	Average total size (kbytes): 0
	Maximum resident set size (kbytes): 3876
	Average resident set size (kbytes): 0
	Major (requiring I/O) page faults: 0
	Minor (reclaiming a frame) page faults: 6841
	Voluntary context switches: 107
	Involuntary context switches: 29
	Swaps: 0
	File system inputs: 0
	File system outputs: 40387112
	Socket messages sent: 0
	Socket messages received: 0
	Signals delivered: 0
	Page size (bytes): 4096
	Exit status: 0
[INFO] Parsed GFA successfully
	Command being timed: "/home/akmuhammet/programs/akhal/akhal parse hg38.pggb.lcpan.t8.r1.gfa"
	User time (seconds): 259.35
	System time (seconds): 16.60
	Percent of CPU this job got: 99%
	Elapsed (wall clock) time (h:mm:ss or m:ss): 4:35.98
	Average shared text size (kbytes): 0
	Average unshared data size (kbytes): 0
	Average stack size (kbytes): 0
	Average total size (kbytes): 0
	Maximum resident set size (kbytes): 28039104
	Average resident set size (kbytes): 0
	Major (requiring I/O) page faults: 0
	Minor (reclaiming a frame) page faults: 7033921
	Voluntary context switches: 3
	Involuntary context switches: 727
	Swaps: 0
	File system inputs: 0
	File system outputs: 8
	Socket messages sent: 0
	Socket messages received: 0
	Signals delivered: 0
	Page size (bytes): 4096
	Exit status: 0
