[INFO] Ref: /tmp/lcpan/human_v38.fa
[INFO] VCF: /tmp/lcpan/hprc-v1.0-pggb.grch38.1-22+X.vcf
[INFO] Output: hg38.pggb.lcpan.t8.r2.gfa
[INFO] GFA: GFA, NonOv/Ov: NonOv, LCP level: 5, thd: 8
[INFO] Processing reference...
[INFO] Reference processing completed in 71.00 sec.
[INFO] Processing variations...
[INFO] VCF processing completed in 62.00 sec.
	Command being timed: "/home/akmuhammet/programs/lcpan/bin/lcpan -vg -r /tmp/lcpan/human_v38.fa -v /tmp/lcpan/hprc-v1.0-pggb.grch38.1-22+X.vcf -p hg38.pggb.lcpan.t8.r2 -t 8 --gfa --verbose"
	User time (seconds): 330.23
	System time (seconds): 94.62
	Percent of CPU this job got: 306%
	Elapsed (wall clock) time (h:mm:ss or m:ss): 2:18.39
	Average shared text size (kbytes): 0
	Average unshared data size (kbytes): 0
	Average stack size (kbytes): 0
	Average total size (kbytes): 0
	Maximum resident set size (kbytes): 8563656
	Average resident set size (kbytes): 0
	Major (requiring I/O) page faults: 1
	Minor (reclaiming a frame) page faults: 36205975
	Voluntary context switches: 7430268
	Involuntary context switches: 958
	Swaps: 0
	File system inputs: 0
	File system outputs: 40440976
	Socket messages sent: 0
	Socket messages received: 0
	Signals delivered: 0
	Page size (bytes): 4096
	Exit status: 0
	Command being timed: "bash /home/akmuhammet/programs/lcpan/lcpan-merge.sh hg38.pggb.lcpan.t8.r2.log"
	User time (seconds): 0.04
	System time (seconds): 13.81
	Percent of CPU this job got: 99%
	Elapsed (wall clock) time (h:mm:ss or m:ss): 0:13.87
	Average shared text size (kbytes): 0
	Average unshared data size (kbytes): 0
	Average stack size (kbytes): 0
	Average total size (kbytes): 0
	Maximum resident set size (kbytes): 3816
	Average resident set size (kbytes): 0
	Major (requiring I/O) page faults: 0
	Minor (reclaiming a frame) page faults: 6765
	Voluntary context switches: 107
	Involuntary context switches: 32
	Swaps: 0
	File system inputs: 0
	File system outputs: 40440872
	Socket messages sent: 0
	Socket messages received: 0
	Signals delivered: 0
	Page size (bytes): 4096
	Exit status: 0
[INFO] Parsed GFA successfully
	Command being timed: "/home/akmuhammet/programs/akhal/akhal parse hg38.pggb.lcpan.t8.r2.gfa"
	User time (seconds): 255.32
	System time (seconds): 16.89
	Percent of CPU this job got: 99%
	Elapsed (wall clock) time (h:mm:ss or m:ss): 4:32.24
	Average shared text size (kbytes): 0
	Average unshared data size (kbytes): 0
	Average stack size (kbytes): 0
	Average total size (kbytes): 0
	Maximum resident set size (kbytes): 28038984
	Average resident set size (kbytes): 0
	Major (requiring I/O) page faults: 0
	Minor (reclaiming a frame) page faults: 7033908
	Voluntary context switches: 3
	Involuntary context switches: 740
	Swaps: 0
	File system inputs: 0
	File system outputs: 8
	Socket messages sent: 0
	Socket messages received: 0
	Signals delivered: 0
	Page size (bytes): 4096
	Exit status: 0
