GraphAligner Branch master commit b9a6fdc831c8a3177b102f9aceed25edf76181f3 2024-12-02 14:29:24 +0200
GraphAligner Branch master commit b9a6fdc831c8a3177b102f9aceed25edf76181f3 2024-12-02 14:29:24 +0200
Load graph from hg38.chr1_10_22.pggb.lcpan.gfa
Build alignment graph
Build minimizer seeder from the graph
Minimizer seeds, length 15, window size 20, density 10
Seed cluster size 1
Extend up to 5 seed clusters
Alignment bandwidth 10
Clip alignment ends with identity < 66%
X-drop DP score cutoff 14705
Backtrace from 10 highest scoring local maxima per cluster
write alignments to hg002.chr1_10_22.ont.lcpan.gaf
Align
Alignment finished
Input reads: 281312 (13221846422bp)
Seeds found: 127505407730
Seeds extended: 1406527
Reads with a seed: 281306 (13221845590bp)
Reads with an alignment: 281306 (12896789900bp)
Alignments: 9236423 (20345635377bp) (8020031 additional alignments discarded)
End-to-end alignments: 5679 (95874784bp)
	Command being timed: "/home/akmuhammet/tools/GraphAligner/bin/GraphAligner -g hg38.chr1_10_22.pggb.lcpan.gfa -f ../reads/hg002v1.0_ont_r10_ul_dorado.chr1_10_22.subsampled.fa -a hg002.chr1_10_22.ont.lcpan.gaf -x vg -t 96"
	User time (seconds): 2069248.07
	System time (seconds): 55218.03
	Percent of CPU this job got: 9339%
	Elapsed (wall clock) time (h:mm:ss or m:ss): 6:19:06
	Average shared text size (kbytes): 0
	Average unshared data size (kbytes): 0
	Average stack size (kbytes): 0
	Average total size (kbytes): 0
	Maximum resident set size (kbytes): 120141096
	Average resident set size (kbytes): 0
	Major (requiring I/O) page faults: 131
	Minor (reclaiming a frame) page faults: 15822739681
	Voluntary context switches: 76519681
	Involuntary context switches: 3734635
	Swaps: 0
	File system inputs: 0
	File system outputs: 17941200
	Socket messages sent: 0
	Socket messages received: 0
	Signals delivered: 0
	Page size (bytes): 4096
	Exit status: 0
