GraphAligner Branch master commit b9a6fdc831c8a3177b102f9aceed25edf76181f3 2024-12-02 14:29:24 +0200
GraphAligner Branch master commit b9a6fdc831c8a3177b102f9aceed25edf76181f3 2024-12-02 14:29:24 +0200
Load graph from hg38.chr1_10_22.pggb.vg.gfa
Build alignment graph
Build minimizer seeder from the graph
Minimizer seeds, length 15, window size 20, density 10
Seed cluster size 1
Extend up to 5 seed clusters
Alignment bandwidth 10
Clip alignment ends with identity < 66%
X-drop DP score cutoff 14705
Backtrace from 10 highest scoring local maxima per cluster
write alignments to hg002.chr1_10_22.hifi.vg.gaf
Align
Alignment finished
Input reads: 820665 (13094219379bp)
Seeds found: 122307463842
Seeds extended: 4103325
Reads with a seed: 820665 (13094219379bp)
Reads with an alignment: 820665 (13061530986bp)
Alignments: 2736878 (27409743340bp) (2778693 additional alignments discarded)
End-to-end alignments: 1076738 (16760010607bp)
	Command being timed: "/home/akmuhammet/tools/GraphAligner/bin/GraphAligner -g hg38.chr1_10_22.pggb.vg.gfa -f ../reads/hg002v1.0.1_hifi_revio_pbmay24.chr1_10_22.subsampled.fa -a hg002.chr1_10_22.hifi.vg.gaf -x vg -t 96"
	User time (seconds): 2681879.93
	System time (seconds): 29700.48
	Percent of CPU this job got: 9183%
	Elapsed (wall clock) time (h:mm:ss or m:ss): 8:12:07
	Average shared text size (kbytes): 0
	Average unshared data size (kbytes): 0
	Average stack size (kbytes): 0
	Average total size (kbytes): 0
	Maximum resident set size (kbytes): 87122148
	Average resident set size (kbytes): 0
	Major (requiring I/O) page faults: 75
	Minor (reclaiming a frame) page faults: 7009112601
	Voluntary context switches: 69897614
	Involuntary context switches: 4944644
	Swaps: 0
	File system inputs: 320
	File system outputs: 12882080
	Socket messages sent: 0
	Socket messages received: 0
	Signals delivered: 0
	Page size (bytes): 4096
	Exit status: 0
