[INFO] Ref: hg38.chr1_10_22.fa
[INFO] VCF: pggb.chr1_10_22.vcf
[INFO] Output: hg38.chr1_10_22.pggb.lcpan.gfa
[INFO] GFA: GFA, NonOv/Ov: NonOv, LCP level: 5, thd: 1
[INFO] Processing reference...
[INFO] Processing variations...
	Command being timed: "/home/akmuhammet/programs/lcpan/bin/lcpan -vg -r hg38.chr1_10_22.fa -v pggb.chr1_10_22.vcf -p hg38.chr1_10_22.pggb.lcpan --gfa --verbose"
	User time (seconds): 114.75
	System time (seconds): 22.33
	Percent of CPU this job got: 105%
	Elapsed (wall clock) time (h:mm:ss or m:ss): 2:10.30
	Average shared text size (kbytes): 0
	Average unshared data size (kbytes): 0
	Average stack size (kbytes): 0
	Average total size (kbytes): 0
	Maximum resident set size (kbytes): 2284024
	Average resident set size (kbytes): 0
	Major (requiring I/O) page faults: 0
	Minor (reclaiming a frame) page faults: 10988939
	Voluntary context switches: 923705
	Involuntary context switches: 335
	Swaps: 0
	File system inputs: 0
	File system outputs: 12458160
	Socket messages sent: 0
	Socket messages received: 0
	Signals delivered: 0
	Page size (bytes): 4096
	Exit status: 0
	Command being timed: "bash /home/akmuhammet/programs/lcpan/lcpan-merge.sh hg38.chr1_10_22.pggb.lcpan.log"
	User time (seconds): 0.02
	System time (seconds): 5.93
	Percent of CPU this job got: 99%
	Elapsed (wall clock) time (h:mm:ss or m:ss): 0:05.96
	Average shared text size (kbytes): 0
	Average unshared data size (kbytes): 0
	Average stack size (kbytes): 0
	Average total size (kbytes): 0
	Maximum resident set size (kbytes): 3700
	Average resident set size (kbytes): 0
	Major (requiring I/O) page faults: 0
	Minor (reclaiming a frame) page faults: 2639
	Voluntary context switches: 46
	Involuntary context switches: 56
	Swaps: 0
	File system inputs: 0
	File system outputs: 12458136
	Socket messages sent: 0
	Socket messages received: 0
	Signals delivered: 0
	Page size (bytes): 4096
	Exit status: 0
Segment count: 61498598
Rank 0 segment count: 12831159
Rank 0< segment count: 48667439
Segment avg length: 56.250896
Segment std length: 31.951711
Segment min. length 1
Segment max. length 44399
Link count: 65488798
Link overlapping avg length: 0.000000
Link overlapping std length: 0.000000
Minimum in degree: 1
Maximum in degree: 327
Minimum out degree: 1
Maximum out degree: 327
