warning:[vg::Constructor] Unsupported IUPAC ambiguity codes found in chr1; coercing to N.
warning:[vg::Constructor] Unsupported IUPAC ambiguity codes found in chr10; coercing to N.
warning:[vg::Constructor] Unsupported IUPAC ambiguity codes found in chr22; coercing to N.
	Command being timed: "vg construct -r hg38.chr1_10_22.fa -v pggb.chr1_10_22.vcf -m 64"
	User time (seconds): 337.42
	System time (seconds): 41.26
	Percent of CPU this job got: 99%
	Elapsed (wall clock) time (h:mm:ss or m:ss): 6:18.72
	Average shared text size (kbytes): 0
	Average unshared data size (kbytes): 0
	Average stack size (kbytes): 0
	Average total size (kbytes): 0
	Maximum resident set size (kbytes): 13543296
	Average resident set size (kbytes): 0
	Major (requiring I/O) page faults: 2
	Minor (reclaiming a frame) page faults: 26848684
	Voluntary context switches: 9
	Involuntary context switches: 1017
	Swaps: 0
	File system inputs: 256
	File system outputs: 2497800
	Socket messages sent: 0
	Socket messages received: 0
	Signals delivered: 0
	Page size (bytes): 4096
	Exit status: 0
	Command being timed: "vg convert -f hg38.chr1_10_22.pggb.vg"
	User time (seconds): 171.21
	System time (seconds): 14.73
	Percent of CPU this job got: 99%
	Elapsed (wall clock) time (h:mm:ss or m:ss): 3:06.46
	Average shared text size (kbytes): 0
	Average unshared data size (kbytes): 0
	Average stack size (kbytes): 0
	Average total size (kbytes): 0
	Maximum resident set size (kbytes): 18658900
	Average resident set size (kbytes): 0
	Major (requiring I/O) page faults: 0
	Minor (reclaiming a frame) page faults: 6477719
	Voluntary context switches: 14
	Involuntary context switches: 487
	Swaps: 0
	File system inputs: 0
	File system outputs: 11948080
	Socket messages sent: 0
	Socket messages received: 0
	Signals delivered: 0
	Page size (bytes): 4096
	Exit status: 0
Segment count: 62641024
Rank 0 segment count: 11841173
Rank 0< segment count: 50799851
Segment avg length: 55.171144
Segment std length: 21.001384
Segment min. length 1
Segment max. length 64
Link count: 67820280
Link overlapping avg length: 0.000000
Link overlapping std length: 0.000000
Minimum in degree: 1
Maximum in degree: 327
Minimum out degree: 1
Maximum out degree: 327
