[INFO] Ref: /tmp/lcpan/human_v38.fa
[INFO] VCF: /tmp/lcpan/hprc-v1.0-pggb.grch38.1-22+X.vcf
[INFO] Output: hg38.pggb.lcpan.t8.r1.gfa
[INFO] GFA: GFA, NonOv/Ov: NonOv, LCP level: 5, thd: 8
[INFO] Processing reference...
[INFO] Reference processing completed in 14.00 sec.
[INFO] Processing variations...
[INFO] VCF processing completed in 61.00 sec.
	Command being timed: "/home/akmuhammet/programs/lcpan/bin/lcpan -vg -r /tmp/lcpan/human_v38.fa -v /tmp/lcpan/hprc-v1.0-pggb.grch38.1-22+X.vcf -p hg38.pggb.lcpan.t8.r1 -t 8 --gfa --full-parallel --verbose"
	User time (seconds): 339.30
	System time (seconds): 88.84
	Percent of CPU this job got: 520%
	Elapsed (wall clock) time (h:mm:ss or m:ss): 1:22.19
	Average shared text size (kbytes): 0
	Average unshared data size (kbytes): 0
	Average stack size (kbytes): 0
	Average total size (kbytes): 0
	Maximum resident set size (kbytes): 8064344
	Average resident set size (kbytes): 0
	Major (requiring I/O) page faults: 2
	Minor (reclaiming a frame) page faults: 23135197
	Voluntary context switches: 7865515
	Involuntary context switches: 835
	Swaps: 0
	File system inputs: 0
	File system outputs: 39837136
	Socket messages sent: 0
	Socket messages received: 0
	Signals delivered: 0
	Page size (bytes): 4096
	Exit status: 0
	Command being timed: "bash /home/akmuhammet/programs/lcpan/lcpan-merge.sh hg38.pggb.lcpan.t8.r1.log"
	User time (seconds): 0.04
	System time (seconds): 15.34
	Percent of CPU this job got: 98%
	Elapsed (wall clock) time (h:mm:ss or m:ss): 0:15.61
	Average shared text size (kbytes): 0
	Average unshared data size (kbytes): 0
	Average stack size (kbytes): 0
	Average total size (kbytes): 0
	Maximum resident set size (kbytes): 3808
	Average resident set size (kbytes): 0
	Major (requiring I/O) page faults: 0
	Minor (reclaiming a frame) page faults: 6979
	Voluntary context switches: 102
	Involuntary context switches: 77
	Swaps: 0
	File system inputs: 0
	File system outputs: 39837064
	Socket messages sent: 0
	Socket messages received: 0
	Signals delivered: 0
	Page size (bytes): 4096
	Exit status: 0
