[INFO] Ref: /tmp/lcpan/human_v38.fa
[INFO] VCF: /tmp/lcpan/hprc-v1.0-pggb.grch38.1-22+X.vcf
[INFO] Output: hg38.pggb.lcpan.t8.r2.gfa
[INFO] GFA: GFA, NonOv/Ov: NonOv, LCP level: 5, thd: 8
[INFO] Processing reference...
[INFO] Reference processing completed in 14.00 sec.
[INFO] Processing variations...
[INFO] VCF processing completed in 60.00 sec.
	Command being timed: "/home/akmuhammet/programs/lcpan/bin/lcpan -vg -r /tmp/lcpan/human_v38.fa -v /tmp/lcpan/hprc-v1.0-pggb.grch38.1-22+X.vcf -p hg38.pggb.lcpan.t8.r2 -t 8 --gfa --full-parallel --verbose"
	User time (seconds): 326.69
	System time (seconds): 82.50
	Percent of CPU this job got: 515%
	Elapsed (wall clock) time (h:mm:ss or m:ss): 1:19.39
	Average shared text size (kbytes): 0
	Average unshared data size (kbytes): 0
	Average stack size (kbytes): 0
	Average total size (kbytes): 0
	Maximum resident set size (kbytes): 8124584
	Average resident set size (kbytes): 0
	Major (requiring I/O) page faults: 0
	Minor (reclaiming a frame) page faults: 23035390
	Voluntary context switches: 7712293
	Involuntary context switches: 738
	Swaps: 0
	File system inputs: 0
	File system outputs: 39792560
	Socket messages sent: 0
	Socket messages received: 0
	Signals delivered: 0
	Page size (bytes): 4096
	Exit status: 0
	Command being timed: "bash /home/akmuhammet/programs/lcpan/lcpan-merge.sh hg38.pggb.lcpan.t8.r2.log"
	User time (seconds): 0.03
	System time (seconds): 13.80
	Percent of CPU this job got: 95%
	Elapsed (wall clock) time (h:mm:ss or m:ss): 0:14.44
	Average shared text size (kbytes): 0
	Average unshared data size (kbytes): 0
	Average stack size (kbytes): 0
	Average total size (kbytes): 0
	Maximum resident set size (kbytes): 3740
	Average resident set size (kbytes): 0
	Major (requiring I/O) page faults: 0
	Minor (reclaiming a frame) page faults: 6910
	Voluntary context switches: 132
	Involuntary context switches: 40
	Swaps: 0
	File system inputs: 0
	File system outputs: 39792480
	Socket messages sent: 0
	Socket messages received: 0
	Signals delivered: 0
	Page size (bytes): 4096
	Exit status: 0
