[INFO] Ref: /tmp/lcpan/human_v38.fa
[INFO] VCF: /tmp/lcpan/hprc-v1.0-pggb.grch38.1-22+X.vcf
[INFO] Output: hg38.pggb.lcpan.l4.rgfa
[INFO] GFA: rGFA, NonOv/Ov: NonOv, LCP level: 4, thd: 1
[INFO] Processing reference...
[INFO] Reference processing completed in 73.00 sec.
[INFO] Processing variations...
[INFO] VCF processing completed in 353.00 sec.
	Command being timed: "/home/akmuhammet/programs/lcpan/bin/lcpan -vg -r /tmp/lcpan/human_v38.fa -v /tmp/lcpan/hprc-v1.0-pggb.grch38.1-22+X.vcf -p hg38.pggb.lcpan.l4 -l 4 --verbose"
	User time (seconds): 401.31
	System time (seconds): 78.76
	Percent of CPU this job got: 110%
	Elapsed (wall clock) time (h:mm:ss or m:ss): 7:15.93
	Average shared text size (kbytes): 0
	Average unshared data size (kbytes): 0
	Average stack size (kbytes): 0
	Average total size (kbytes): 0
	Maximum resident set size (kbytes): 8748660
	Average resident set size (kbytes): 0
	Major (requiring I/O) page faults: 3
	Minor (reclaiming a frame) page faults: 23381996
	Voluntary context switches: 3919444
	Involuntary context switches: 1263
	Swaps: 0
	File system inputs: 39466944
	File system outputs: 92789520
	Socket messages sent: 0
	Socket messages received: 0
	Signals delivered: 0
	Page size (bytes): 4096
	Exit status: 0
	Command being timed: "bash /home/akmuhammet/programs/lcpan/lcpan-merge.sh hg38.pggb.lcpan.l4.log"
	User time (seconds): 0.06
	System time (seconds): 29.58
	Percent of CPU this job got: 99%
	Elapsed (wall clock) time (h:mm:ss or m:ss): 0:29.74
	Average shared text size (kbytes): 0
	Average unshared data size (kbytes): 0
	Average stack size (kbytes): 0
	Average total size (kbytes): 0
	Maximum resident set size (kbytes): 3864
	Average resident set size (kbytes): 0
	Major (requiring I/O) page faults: 0
	Minor (reclaiming a frame) page faults: 2692
	Voluntary context switches: 54
	Involuntary context switches: 465
	Swaps: 0
	File system inputs: 8
	File system outputs: 92789496
	Socket messages sent: 0
	Socket messages received: 0
	Signals delivered: 0
	Page size (bytes): 4096
	Exit status: 0
[INFO] Parsed rGFA successfully
	Command being timed: "/home/akmuhammet/programs/akhal/akhal parse hg38.pggb.lcpan.l4.rgfa"
	User time (seconds): 643.99
	System time (seconds): 36.06
	Percent of CPU this job got: 99%
	Elapsed (wall clock) time (h:mm:ss or m:ss): 11:20.12
	Average shared text size (kbytes): 0
	Average unshared data size (kbytes): 0
	Average stack size (kbytes): 0
	Average total size (kbytes): 0
	Maximum resident set size (kbytes): 52613360
	Average resident set size (kbytes): 0
	Major (requiring I/O) page faults: 0
	Minor (reclaiming a frame) page faults: 13251238
	Voluntary context switches: 4
	Involuntary context switches: 1635
	Swaps: 0
	File system inputs: 0
	File system outputs: 8
	Socket messages sent: 0
	Socket messages received: 0
	Signals delivered: 0
	Page size (bytes): 4096
	Exit status: 0
Segment count: 408484289
Rank 0 segment count: 131987537
Rank 0< segment count: 276496752
Segment avg length: 26.186953
Segment std length: 11.809564
Segment min. length 1
Segment max. length 7291
Link count: 423677755
Link overlapping avg length: 0.000000
Link overlapping std length: 0.000000
Minimum in degree: 1
Maximum in degree: 327
Minimum out degree: 1
Maximum out degree: 327
