[INFO] Ref: /tmp/lcpan/human_v38.fa
[INFO] VCF: /tmp/lcpan/hprc-v1.0-pggb.grch38.1-22+X.vcf
[INFO] Output: hg38.pggb.lcpan.l7.rgfa
[INFO] GFA: rGFA, NonOv/Ov: NonOv, LCP level: 7, thd: 1
[INFO] Processing reference...
[INFO] Reference processing completed in 75.00 sec.
[INFO] Processing variations...
[INFO] VCF processing completed in 188.00 sec.
	Command being timed: "/home/akmuhammet/programs/lcpan/bin/lcpan -vg -r /tmp/lcpan/human_v38.fa -v /tmp/lcpan/hprc-v1.0-pggb.grch38.1-22+X.vcf -p hg38.pggb.lcpan.l7 -l 7 --verbose"
	User time (seconds): 247.78
	System time (seconds): 40.39
	Percent of CPU this job got: 108%
	Elapsed (wall clock) time (h:mm:ss or m:ss): 4:25.48
	Average shared text size (kbytes): 0
	Average unshared data size (kbytes): 0
	Average stack size (kbytes): 0
	Average total size (kbytes): 0
	Maximum resident set size (kbytes): 5896760
	Average resident set size (kbytes): 0
	Major (requiring I/O) page faults: 0
	Minor (reclaiming a frame) page faults: 21471863
	Voluntary context switches: 118474
	Involuntary context switches: 724
	Swaps: 0
	File system inputs: 0
	File system outputs: 33330280
	Socket messages sent: 0
	Socket messages received: 0
	Signals delivered: 0
	Page size (bytes): 4096
	Exit status: 0
	Command being timed: "bash /home/akmuhammet/programs/lcpan/lcpan-merge.sh hg38.pggb.lcpan.l7.log"
	User time (seconds): 0.03
	System time (seconds): 10.84
	Percent of CPU this job got: 26%
	Elapsed (wall clock) time (h:mm:ss or m:ss): 0:41.68
	Average shared text size (kbytes): 0
	Average unshared data size (kbytes): 0
	Average stack size (kbytes): 0
	Average total size (kbytes): 0
	Maximum resident set size (kbytes): 3744
	Average resident set size (kbytes): 0
	Major (requiring I/O) page faults: 0
	Minor (reclaiming a frame) page faults: 2683
	Voluntary context switches: 51
	Involuntary context switches: 141
	Swaps: 0
	File system inputs: 0
	File system outputs: 33330240
	Socket messages sent: 0
	Socket messages received: 0
	Signals delivered: 0
	Page size (bytes): 4096
	Exit status: 0
[INFO] Parsed rGFA successfully
	Command being timed: "/home/akmuhammet/programs/akhal/akhal parse hg38.pggb.lcpan.l7.rgfa"
	User time (seconds): 113.83
	System time (seconds): 11.87
	Percent of CPU this job got: 99%
	Elapsed (wall clock) time (h:mm:ss or m:ss): 2:05.72
	Average shared text size (kbytes): 0
	Average unshared data size (kbytes): 0
	Average stack size (kbytes): 0
	Average total size (kbytes): 0
	Maximum resident set size (kbytes): 17235728
	Average resident set size (kbytes): 0
	Major (requiring I/O) page faults: 0
	Minor (reclaiming a frame) page faults: 4320783
	Voluntary context switches: 2
	Involuntary context switches: 229
	Swaps: 0
	File system inputs: 0
	File system outputs: 8
	Socket messages sent: 0
	Socket messages received: 0
	Signals delivered: 0
	Page size (bytes): 4096
	Exit status: 0
Segment count: 67566416
Rank 0 segment count: 32970695
Rank 0< segment count: 34595721
Segment avg length: 158.316934
Segment std length: 184.445146
Segment min. length 1
Segment max. length 75686
Link count: 82759882
Link overlapping avg length: 0.000000
Link overlapping std length: 0.000000
Minimum in degree: 1
Maximum in degree: 327
Minimum out degree: 1
Maximum out degree: 327
