[INFO] Ref: /tmp/lcpan/human_v38.fa
[INFO] VCF: /tmp/lcpan/hprc-v1.0-pggb.grch38.1-22+X.vcf
[INFO] Output: hg38.pggb.lcpan.t2.r1.gfa
[INFO] GFA: GFA, NonOv/Ov: NonOv, LCP level: 5, thd: 2
[INFO] Processing reference...
[INFO] Reference processing completed in 37.00 sec.
[INFO] Processing variations...
[INFO] VCF processing completed in 118.00 sec.
	Command being timed: "/home/akmuhammet/programs/lcpan/bin/lcpan -vg -r /tmp/lcpan/human_v38.fa -v /tmp/lcpan/hprc-v1.0-pggb.grch38.1-22+X.vcf -p hg38.pggb.lcpan.t2.r1 -t 2 --gfa --full-parallel --verbose"
	User time (seconds): 283.33
	System time (seconds): 47.46
	Percent of CPU this job got: 205%
	Elapsed (wall clock) time (h:mm:ss or m:ss): 2:40.70
	Average shared text size (kbytes): 0
	Average unshared data size (kbytes): 0
	Average stack size (kbytes): 0
	Average total size (kbytes): 0
	Maximum resident set size (kbytes): 7405596
	Average resident set size (kbytes): 0
	Major (requiring I/O) page faults: 0
	Minor (reclaiming a frame) page faults: 22314634
	Voluntary context switches: 1841575
	Involuntary context switches: 671
	Swaps: 0
	File system inputs: 0
	File system outputs: 39430160
	Socket messages sent: 0
	Socket messages received: 0
	Signals delivered: 0
	Page size (bytes): 4096
	Exit status: 0
	Command being timed: "bash /home/akmuhammet/programs/lcpan/lcpan-merge.sh hg38.pggb.lcpan.t2.r1.log"
	User time (seconds): 0.03
	System time (seconds): 13.04
	Percent of CPU this job got: 99%
	Elapsed (wall clock) time (h:mm:ss or m:ss): 0:13.10
	Average shared text size (kbytes): 0
	Average unshared data size (kbytes): 0
	Average stack size (kbytes): 0
	Average total size (kbytes): 0
	Maximum resident set size (kbytes): 3800
	Average resident set size (kbytes): 0
	Major (requiring I/O) page faults: 0
	Minor (reclaiming a frame) page faults: 3288
	Voluntary context switches: 58
	Involuntary context switches: 117
	Swaps: 0
	File system inputs: 0
	File system outputs: 39430120
	Socket messages sent: 0
	Socket messages received: 0
	Signals delivered: 0
	Page size (bytes): 4096
	Exit status: 0
