[INFO] Ref: ../hg38.fa
[INFO] VCF: ../pggb.vcf
[INFO] Output: hg38.pggb.lcpan.t2.gfa
[INFO] GFA: GFA, NonOv/Ov: NonOv, LCP level: 5, thd: 2
[INFO] Processing reference...
[INFO] Processing variations...
	Command being timed: "/home/akmuhammet/programs/lcpan/bin/lcpan -vg -r ../hg38.fa -v ../pggb.vcf -p hg38.pggb.lcpan.t2 -t 2 --gfa --verbose"
	User time (seconds): 360.96
	System time (seconds): 71.41
	Percent of CPU this job got: 163%
	Elapsed (wall clock) time (h:mm:ss or m:ss): 4:25.17
	Average shared text size (kbytes): 0
	Average unshared data size (kbytes): 0
	Average stack size (kbytes): 0
	Average total size (kbytes): 0
	Maximum resident set size (kbytes): 7791068
	Average resident set size (kbytes): 0
	Major (requiring I/O) page faults: 0
	Minor (reclaiming a frame) page faults: 35348255
	Voluntary context switches: 3116156
	Involuntary context switches: 859
	Swaps: 0
	File system inputs: 0
	File system outputs: 39739072
	Socket messages sent: 0
	Socket messages received: 0
	Signals delivered: 0
	Page size (bytes): 4096
	Exit status: 0
	Command being timed: "bash /home/akmuhammet/programs/lcpan/lcpan-merge.sh hg38.pggb.lcpan.t2.log"
	User time (seconds): 0.03
	System time (seconds): 13.90
	Percent of CPU this job got: 99%
	Elapsed (wall clock) time (h:mm:ss or m:ss): 0:13.96
	Average shared text size (kbytes): 0
	Average unshared data size (kbytes): 0
	Average stack size (kbytes): 0
	Average total size (kbytes): 0
	Maximum resident set size (kbytes): 3728
	Average resident set size (kbytes): 0
	Major (requiring I/O) page faults: 0
	Minor (reclaiming a frame) page faults: 3222
	Voluntary context switches: 59
	Involuntary context switches: 159
	Swaps: 0
	File system inputs: 0
	File system outputs: 39739024
	Socket messages sent: 0
	Socket messages received: 0
	Signals delivered: 0
	Page size (bytes): 4096
	Exit status: 0
[INFO] Parsed GFA successfully
	Command being timed: "/home/akmuhammet/programs/akhal/akhal parse hg38.pggb.lcpan.t2.gfa"
	User time (seconds): 307.64
	System time (seconds): 31.97
	Percent of CPU this job got: 99%
	Elapsed (wall clock) time (h:mm:ss or m:ss): 5:39.63
	Average shared text size (kbytes): 0
	Average unshared data size (kbytes): 0
	Average stack size (kbytes): 0
	Average total size (kbytes): 0
	Maximum resident set size (kbytes): 28036832
	Average resident set size (kbytes): 0
	Major (requiring I/O) page faults: 0
	Minor (reclaiming a frame) page faults: 16522216
	Voluntary context switches: 2
	Involuntary context switches: 433
	Swaps: 0
	File system inputs: 0
	File system outputs: 8
	Socket messages sent: 0
	Socket messages received: 0
	Signals delivered: 0
	Page size (bytes): 4096
	Exit status: 0
