[INFO] Ref: /tmp/lcpan/human_v38.fa
[INFO] VCF: /tmp/lcpan/hprc-v1.0-pggb.grch38.1-22+X.vcf
[INFO] Output: hg38.pggb.lcpan.t16.r5.gfa
[INFO] GFA: GFA, NonOv/Ov: NonOv, LCP level: 5, thd: 16
[INFO] Processing reference...
[INFO] Reference processing completed in 11.00 sec.
[INFO] Processing variations...
[INFO] VCF processing completed in 66.00 sec.
	Command being timed: "/home/akmuhammet/programs/lcpan/bin/lcpan -vg -r /tmp/lcpan/human_v38.fa -v /tmp/lcpan/hprc-v1.0-pggb.grch38.1-22+X.vcf -p hg38.pggb.lcpan.t16.r5 -t 16 --gfa --full-parallel --verbose"
	User time (seconds): 455.09
	System time (seconds): 148.93
	Percent of CPU this job got: 730%
	Elapsed (wall clock) time (h:mm:ss or m:ss): 1:22.71
	Average shared text size (kbytes): 0
	Average unshared data size (kbytes): 0
	Average stack size (kbytes): 0
	Average total size (kbytes): 0
	Maximum resident set size (kbytes): 13005636
	Average resident set size (kbytes): 0
	Major (requiring I/O) page faults: 3
	Minor (reclaiming a frame) page faults: 22872330
	Voluntary context switches: 8279308
	Involuntary context switches: 1091
	Swaps: 0
	File system inputs: 0
	File system outputs: 40057744
	Socket messages sent: 0
	Socket messages received: 0
	Signals delivered: 0
	Page size (bytes): 4096
	Exit status: 0
	Command being timed: "bash /home/akmuhammet/programs/lcpan/lcpan-merge.sh hg38.pggb.lcpan.t16.r5.log"
	User time (seconds): 0.03
	System time (seconds): 13.87
	Percent of CPU this job got: 99%
	Elapsed (wall clock) time (h:mm:ss or m:ss): 0:13.95
	Average shared text size (kbytes): 0
	Average unshared data size (kbytes): 0
	Average stack size (kbytes): 0
	Average total size (kbytes): 0
	Maximum resident set size (kbytes): 3824
	Average resident set size (kbytes): 0
	Major (requiring I/O) page faults: 0
	Minor (reclaiming a frame) page faults: 12004
	Voluntary context switches: 168
	Involuntary context switches: 32
	Swaps: 0
	File system inputs: 0
	File system outputs: 40057584
	Socket messages sent: 0
	Socket messages received: 0
	Signals delivered: 0
	Page size (bytes): 4096
	Exit status: 0
