[INFO] Processed FA
[INFO] Processed GFA
[INFO] Stats:
[INFO] # of reads: 820665
[INFO] # of reads aligned in forward strands: 763152
[INFO] # of reads aligned in reverse strands: 751122
[INFO] # of reads aligned provided in invalid format: 0
[INFO] # of alignments that only mapped to segments with rank 0: 294529
[INFO] # of alignments that only mapped to segments with rank 1: 449951
[INFO] # of alignments that mapped to segments with ranks 0 and 1: 769794
[INFO] # of alignments that mapped to segments with ranks 1<: 0
[INFO] Stats: read/segment/strand/rank/qual/other: 0/0/0/0/1222604/0
[INFO] Processed GAF.
	Command being timed: "/home/akmuhammet/programs/akhal/akhal gaf2sam hg38.chr1_10_22.pggb.vg.gfa hg002.chr1_10_22.hifi.vg.gaf /home/akmuhammet/data/hg002/hg002v1.0.1_hifi_revio_pbmay24.chr1_10_22.subsampled.fa hg002.chr1_10_22.hifi.vg.sam --simple"
	User time (seconds): 329.00
	System time (seconds): 43.30
	Percent of CPU this job got: 81%
	Elapsed (wall clock) time (h:mm:ss or m:ss): 7:38.21
	Average shared text size (kbytes): 0
	Average unshared data size (kbytes): 0
	Average stack size (kbytes): 0
	Average total size (kbytes): 0
	Maximum resident set size (kbytes): 22421092
	Average resident set size (kbytes): 0
	Major (requiring I/O) page faults: 0
	Minor (reclaiming a frame) page faults: 5617547
	Voluntary context switches: 98509
	Involuntary context switches: 976
	Swaps: 0
	File system inputs: 24787856
	File system outputs: 36109832
	Socket messages sent: 0
	Socket messages received: 0
	Signals delivered: 0
	Page size (bytes): 4096
	Exit status: 0
[INFO] correct: 1064323, incorrect: 0
	Command being timed: "/home/akmuhammet/programs/akhal/akhal sampoke hg38.chr1_10_22.fa hg002.chr1_10_22.hifi.vg.sam hg002.chr1_10_22.hifi.vg.qual.sam"
	User time (seconds): 114.41
	System time (seconds): 34.07
	Percent of CPU this job got: 42%
	Elapsed (wall clock) time (h:mm:ss or m:ss): 5:51.03
	Average shared text size (kbytes): 0
	Average unshared data size (kbytes): 0
	Average stack size (kbytes): 0
	Average total size (kbytes): 0
	Maximum resident set size (kbytes): 429288
	Average resident set size (kbytes): 0
	Major (requiring I/O) page faults: 0
	Minor (reclaiming a frame) page faults: 106980
	Voluntary context switches: 273248
	Involuntary context switches: 513
	Swaps: 0
	File system inputs: 36109824
	File system outputs: 36109832
	Socket messages sent: 0
	Socket messages received: 0
	Signals delivered: 0
	Page size (bytes): 4096
	Exit status: 0
