[INFO] Processed FA
[INFO] Processed GFA
[INFO] Stats:
[INFO] # of reads: 281312
[INFO] # of reads aligned in forward strands: 3243122
[INFO] # of reads aligned in reverse strands: 3257176
[INFO] # of reads aligned provided in invalid format: 0
[INFO] # of alignments that only mapped to segments with rank 0: 2815273
[INFO] # of alignments that only mapped to segments with rank 1: 3180485
[INFO] # of alignments that mapped to segments with ranks 0 and 1: 504540
[INFO] # of alignments that mapped to segments with ranks 1<: 0
[INFO] Stats: read/segment/strand/rank/qual/other: 0/0/0/0/2736125/0
[INFO] Processed GAF.
	Command being timed: "/home/akmuhammet/programs/akhal/akhal gaf2sam hg38.chr1_10_22.pggb.lcpan.gfa hg002.chr1_10_22.ont.lcpan.gaf /home/akmuhammet/data/hg002/hg002v1.0_ont_r10_ul_dorado.chr1_10_22.subsampled.fa hg002.chr1_10_22.ont.lcpan.sam --simple"
	User time (seconds): 2284.80
	System time (seconds): 226.89
	Percent of CPU this job got: 79%
	Elapsed (wall clock) time (h:mm:ss or m:ss): 52:29.16
	Average shared text size (kbytes): 0
	Average unshared data size (kbytes): 0
	Average stack size (kbytes): 0
	Average total size (kbytes): 0
	Maximum resident set size (kbytes): 22505448
	Average resident set size (kbytes): 0
	Major (requiring I/O) page faults: 0
	Minor (reclaiming a frame) page faults: 12525573
	Voluntary context switches: 84534
	Involuntary context switches: 7395
	Swaps: 0
	File system inputs: 17908568
	File system outputs: 614787040
	Socket messages sent: 0
	Socket messages received: 0
	Signals delivered: 0
	Page size (bytes): 4096
	Exit status: 0
[INFO] correct: 3319813, incorrect: 0
	Command being timed: "/home/akmuhammet/programs/akhal/akhal sampoke hg38.chr1_10_22.fa hg002.chr1_10_22.ont.lcpan.sam hg002.chr1_10_22.ont.lcpan.qual.sam"
	User time (seconds): 1733.59
	System time (seconds): 559.26
	Percent of CPU this job got: 37%
	Elapsed (wall clock) time (h:mm:ss or m:ss): 1:41:48
	Average shared text size (kbytes): 0
	Average unshared data size (kbytes): 0
	Average stack size (kbytes): 0
	Average total size (kbytes): 0
	Maximum resident set size (kbytes): 431560
	Average resident set size (kbytes): 0
	Major (requiring I/O) page faults: 1
	Minor (reclaiming a frame) page faults: 111368
	Voluntary context switches: 4391009
	Involuntary context switches: 7169
	Swaps: 0
	File system inputs: 615002288
	File system outputs: 614787040
	Socket messages sent: 0
	Socket messages received: 0
	Signals delivered: 0
	Page size (bytes): 4096
	Exit status: 0
