[INFO] Processed FA
[INFO] Processed GFA
[INFO] Stats:
[INFO] # of reads: 281312
[INFO] # of reads aligned in forward strands: 3296938
[INFO] # of reads aligned in reverse strands: 3322482
[INFO] # of reads aligned provided in invalid format: 0
[INFO] # of alignments that only mapped to segments with rank 0: 2766605
[INFO] # of alignments that only mapped to segments with rank 1: 3350608
[INFO] # of alignments that mapped to segments with ranks 0 and 1: 502207
[INFO] # of alignments that mapped to segments with ranks 1<: 0
[INFO] Stats: read/segment/strand/rank/qual/other: 0/0/0/0/2958625/0
[INFO] Processed GAF.
	Command being timed: "/home/akmuhammet/programs/akhal/akhal gaf2sam hg38.chr1_10_22.pggb.vg.gfa hg002.chr1_10_22.ont.vg.gaf /home/akmuhammet/data/hg002/hg002v1.0_ont_r10_ul_dorado.chr1_10_22.subsampled.fa hg002.chr1_10_22.ont.vg.sam --simple"
	User time (seconds): 2427.85
	System time (seconds): 265.58
	Percent of CPU this job got: 86%
	Elapsed (wall clock) time (h:mm:ss or m:ss): 51:48.34
	Average shared text size (kbytes): 0
	Average unshared data size (kbytes): 0
	Average stack size (kbytes): 0
	Average total size (kbytes): 0
	Maximum resident set size (kbytes): 22542980
	Average resident set size (kbytes): 0
	Major (requiring I/O) page faults: 1
	Minor (reclaiming a frame) page faults: 26107613
	Voluntary context switches: 534194
	Involuntary context switches: 8694
	Swaps: 0
	File system inputs: 41225752
	File system outputs: 611796424
	Socket messages sent: 0
	Socket messages received: 0
	Signals delivered: 0
	Page size (bytes): 4096
	Exit status: 0
[INFO] correct: 3268812, incorrect: 0
	Command being timed: "/home/akmuhammet/programs/akhal/akhal sampoke hg38.chr1_10_22.fa hg002.chr1_10_22.ont.vg.sam hg002.chr1_10_22.ont.vg.qual.sam"
	User time (seconds): 1764.72
	System time (seconds): 602.32
	Percent of CPU this job got: 36%
	Elapsed (wall clock) time (h:mm:ss or m:ss): 1:46:58
	Average shared text size (kbytes): 0
	Average unshared data size (kbytes): 0
	Average stack size (kbytes): 0
	Average total size (kbytes): 0
	Maximum resident set size (kbytes): 431616
	Average resident set size (kbytes): 0
	Major (requiring I/O) page faults: 1
	Minor (reclaiming a frame) page faults: 119632
	Voluntary context switches: 4590933
	Involuntary context switches: 12899
	Swaps: 0
	File system inputs: 612274656
	File system outputs: 611796424
	Socket messages sent: 0
	Socket messages received: 0
	Signals delivered: 0
	Page size (bytes): 4096
	Exit status: 0
